::1 - - [29/May/2021:13:10:08 +0000] "GET / HTTP/1.1" 200 2740 "-" "Mozilla/5.0 (X11; Linux x86_64) AppleWebKit/537.36 (KHTML, like Gecko) Chrome/90.0.4430.72 Safari/537.36"
::1 - - [29/May/2021:13:10:08 +0000] "GET /css/layouts.css HTTP/1.1" 304 - "http://localhost:8080/" "Mozilla/5.0 (X11; Linux x86_64) AppleWebKit/537.36 (KHTML, like Gecko) Chrome/90.0.4430.72 Safari/537.36"
::1 - - [29/May/2021:13:10:08 +0000] "GET /css/header.css HTTP/1.1" 304 - "http://localhost:8080/" "Mozilla/5.0 (X11; Linux x86_64) AppleWebKit/537.36 (KHTML, like Gecko) Chrome/90.0.4430.72 Safari/537.36"
::1 - - [29/May/2021:13:10:08 +0000] "GET /css/footer.css HTTP/1.1" 304 - "http://localhost:8080/" "Mozilla/5.0 (X11; Linux x86_64) AppleWebKit/537.36 (KHTML, like Gecko) Chrome/90.0.4430.72 Safari/537.36"
::1 - - [29/May/2021:13:10:08 +0000] "GET /css/home.css HTTP/1.1" 304 - "http://localhost:8080/" "Mozilla/5.0 (X11; Linux x86_64) AppleWebKit/537.36 (KHTML, like Gecko) Chrome/90.0.4430.72 Safari/537.36"
::1 - - [29/May/2021:13:10:08 +0000] "GET /css/chat-box.css HTTP/1.1" 304 - "http://localhost:8080/" "Mozilla/5.0 (X11; Linux x86_64) AppleWebKit/537.36 (KHTML, like Gecko) Chrome/90.0.4430.72 Safari/537.36"
::1 - - [29/May/2021:13:10:08 +0000] "GET /js/post_comments.js HTTP/1.1" 304 - "http://localhost:8080/" "Mozilla/5.0 (X11; Linux x86_64) AppleWebKit/537.36 (KHTML, like Gecko) Chrome/90.0.4430.72 Safari/537.36"
::1 - - [29/May/2021:13:10:08 +0000] "GET /js/home_posts.js HTTP/1.1" 304 - "http://localhost:8080/" "Mozilla/5.0 (X11; Linux x86_64) AppleWebKit/537.36 (KHTML, like Gecko) Chrome/90.0.4430.72 Safari/537.36"
::1 - - [29/May/2021:13:10:08 +0000] "GET /js/toggle_like.js HTTP/1.1" 304 - "http://localhost:8080/" "Mozilla/5.0 (X11; Linux x86_64) AppleWebKit/537.36 (KHTML, like Gecko) Chrome/90.0.4430.72 Safari/537.36"
::1 - - [29/May/2021:13:10:08 +0000] "GET /js/chat_engine.js HTTP/1.1" 304 - "http://localhost:8080/" "Mozilla/5.0 (X11; Linux x86_64) AppleWebKit/537.36 (KHTML, like Gecko) Chrome/90.0.4430.72 Safari/537.36"
::1 - - [29/May/2021:13:10:09 +0000] "GET /favicon.ico HTTP/1.1" 404 150 "http://localhost:8080/" "Mozilla/5.0 (X11; Linux x86_64) AppleWebKit/537.36 (KHTML, like Gecko) Chrome/90.0.4430.72 Safari/537.36"
::1 - - [29/May/2021:13:10:15 +0000] "GET /user/sign-in-page HTTP/1.1" 304 - "http://localhost:8080/" "Mozilla/5.0 (X11; Linux x86_64) AppleWebKit/537.36 (KHTML, like Gecko) Chrome/90.0.4430.72 Safari/537.36"
::1 - - [29/May/2021:13:10:15 +0000] "GET /css/layouts.css HTTP/1.1" 304 - "http://localhost:8080/user/sign-in-page" "Mozilla/5.0 (X11; Linux x86_64) AppleWebKit/537.36 (KHTML, like Gecko) Chrome/90.0.4430.72 Safari/537.36"
::1 - - [29/May/2021:13:10:15 +0000] "GET /css/header.css HTTP/1.1" 304 - "http://localhost:8080/user/sign-in-page" "Mozilla/5.0 (X11; Linux x86_64) AppleWebKit/537.36 (KHTML, like Gecko) Chrome/90.0.4430.72 Safari/537.36"
::1 - - [29/May/2021:13:10:15 +0000] "GET /css/footer.css HTTP/1.1" 304 - "http://localhost:8080/user/sign-in-page" "Mozilla/5.0 (X11; Linux x86_64) AppleWebKit/537.36 (KHTML, like Gecko) Chrome/90.0.4430.72 Safari/537.36"
::1 - - [29/May/2021:13:10:15 +0000] "GET /css/signup.css HTTP/1.1" 200 1314 "http://localhost:8080/user/sign-in-page" "Mozilla/5.0 (X11; Linux x86_64) AppleWebKit/537.36 (KHTML, like Gecko) Chrome/90.0.4430.72 Safari/537.36"
::1 - - [29/May/2021:13:10:19 +0000] "POST /user/sign-in HTTP/1.1" 302 46 "http://localhost:8080/user/sign-in-page" "Mozilla/5.0 (X11; Linux x86_64) AppleWebKit/537.36 (KHTML, like Gecko) Chrome/90.0.4430.72 Safari/537.36"
::1 - - [29/May/2021:13:10:19 +0000] "GET / HTTP/1.1" 200 4163 "http://localhost:8080/user/sign-in-page" "Mozilla/5.0 (X11; Linux x86_64) AppleWebKit/537.36 (KHTML, like Gecko) Chrome/90.0.4430.72 Safari/537.36"
::1 - - [29/May/2021:13:10:19 +0000] "GET /css/layouts.css HTTP/1.1" 304 - "http://localhost:8080/" "Mozilla/5.0 (X11; Linux x86_64) AppleWebKit/537.36 (KHTML, like Gecko) Chrome/90.0.4430.72 Safari/537.36"
::1 - - [29/May/2021:13:10:19 +0000] "GET /css/header.css HTTP/1.1" 304 - "http://localhost:8080/" "Mozilla/5.0 (X11; Linux x86_64) AppleWebKit/537.36 (KHTML, like Gecko) Chrome/90.0.4430.72 Safari/537.36"
::1 - - [29/May/2021:13:10:19 +0000] "GET /css/footer.css HTTP/1.1" 304 - "http://localhost:8080/" "Mozilla/5.0 (X11; Linux x86_64) AppleWebKit/537.36 (KHTML, like Gecko) Chrome/90.0.4430.72 Safari/537.36"
::1 - - [29/May/2021:13:10:19 +0000] "GET /css/home.css HTTP/1.1" 304 - "http://localhost:8080/" "Mozilla/5.0 (X11; Linux x86_64) AppleWebKit/537.36 (KHTML, like Gecko) Chrome/90.0.4430.72 Safari/537.36"
::1 - - [29/May/2021:13:10:19 +0000] "GET /css/chat-box.css HTTP/1.1" 304 - "http://localhost:8080/" "Mozilla/5.0 (X11; Linux x86_64) AppleWebKit/537.36 (KHTML, like Gecko) Chrome/90.0.4430.72 Safari/537.36"
::1 - - [29/May/2021:13:10:19 +0000] "GET /js/post_comments.js HTTP/1.1" 304 - "http://localhost:8080/" "Mozilla/5.0 (X11; Linux x86_64) AppleWebKit/537.36 (KHTML, like Gecko) Chrome/90.0.4430.72 Safari/537.36"
::1 - - [29/May/2021:13:10:19 +0000] "GET /js/home_posts.js HTTP/1.1" 304 - "http://localhost:8080/" "Mozilla/5.0 (X11; Linux x86_64) AppleWebKit/537.36 (KHTML, like Gecko) Chrome/90.0.4430.72 Safari/537.36"
::1 - - [29/May/2021:13:10:19 +0000] "GET /js/toggle_like.js HTTP/1.1" 304 - "http://localhost:8080/" "Mozilla/5.0 (X11; Linux x86_64) AppleWebKit/537.36 (KHTML, like Gecko) Chrome/90.0.4430.72 Safari/537.36"
::1 - - [29/May/2021:13:10:19 +0000] "GET /js/chat_engine.js HTTP/1.1" 304 - "http://localhost:8080/" "Mozilla/5.0 (X11; Linux x86_64) AppleWebKit/537.36 (KHTML, like Gecko) Chrome/90.0.4430.72 Safari/537.36"
::1 - - [01/Jun/2021:17:56:31 +0000] "GET / HTTP/1.1" 200 2740 "-" "Mozilla/5.0 (X11; Linux x86_64) AppleWebKit/537.36 (KHTML, like Gecko) Chrome/90.0.4430.72 Safari/537.36"
::1 - - [01/Jun/2021:17:56:31 +0000] "GET /css/header.css HTTP/1.1" 404 153 "http://localhost:8080/" "Mozilla/5.0 (X11; Linux x86_64) AppleWebKit/537.36 (KHTML, like Gecko) Chrome/90.0.4430.72 Safari/537.36"
::1 - - [01/Jun/2021:17:56:31 +0000] "GET /css/layouts.css HTTP/1.1" 404 154 "http://localhost:8080/" "Mozilla/5.0 (X11; Linux x86_64) AppleWebKit/537.36 (KHTML, like Gecko) Chrome/90.0.4430.72 Safari/537.36"
::1 - - [01/Jun/2021:17:56:31 +0000] "GET /css/footer.css HTTP/1.1" 404 153 "http://localhost:8080/" "Mozilla/5.0 (X11; Linux x86_64) AppleWebKit/537.36 (KHTML, like Gecko) Chrome/90.0.4430.72 Safari/537.36"
::1 - - [01/Jun/2021:17:56:31 +0000] "GET /css/chat-box.css HTTP/1.1" 404 155 "http://localhost:8080/" "Mozilla/5.0 (X11; Linux x86_64) AppleWebKit/537.36 (KHTML, like Gecko) Chrome/90.0.4430.72 Safari/537.36"
::1 - - [01/Jun/2021:17:56:31 +0000] "GET /js/post_comments.js HTTP/1.1" 404 158 "http://localhost:8080/" "Mozilla/5.0 (X11; Linux x86_64) AppleWebKit/537.36 (KHTML, like Gecko) Chrome/90.0.4430.72 Safari/537.36"
::1 - - [01/Jun/2021:17:56:31 +0000] "GET /css/home.css HTTP/1.1" 404 151 "http://localhost:8080/" "Mozilla/5.0 (X11; Linux x86_64) AppleWebKit/537.36 (KHTML, like Gecko) Chrome/90.0.4430.72 Safari/537.36"
::1 - - [01/Jun/2021:17:56:31 +0000] "GET /js/home_posts.js HTTP/1.1" 404 155 "http://localhost:8080/" "Mozilla/5.0 (X11; Linux x86_64) AppleWebKit/537.36 (KHTML, like Gecko) Chrome/90.0.4430.72 Safari/537.36"
::1 - - [01/Jun/2021:17:56:31 +0000] "GET /js/toggle_like.js HTTP/1.1" 404 156 "http://localhost:8080/" "Mozilla/5.0 (X11; Linux x86_64) AppleWebKit/537.36 (KHTML, like Gecko) Chrome/90.0.4430.72 Safari/537.36"
::1 - - [01/Jun/2021:17:56:31 +0000] "GET /js/chat_engine.js HTTP/1.1" 404 156 "http://localhost:8080/" "Mozilla/5.0 (X11; Linux x86_64) AppleWebKit/537.36 (KHTML, like Gecko) Chrome/90.0.4430.72 Safari/537.36"
::1 - - [01/Jun/2021:17:56:32 +0000] "GET /css/layouts.css HTTP/1.1" 404 154 "http://localhost:8080/" "Mozilla/5.0 (X11; Linux x86_64) AppleWebKit/537.36 (KHTML, like Gecko) Chrome/90.0.4430.72 Safari/537.36"
::1 - - [01/Jun/2021:17:56:32 +0000] "GET /css/header.css HTTP/1.1" 404 153 "http://localhost:8080/" "Mozilla/5.0 (X11; Linux x86_64) AppleWebKit/537.36 (KHTML, like Gecko) Chrome/90.0.4430.72 Safari/537.36"
::1 - - [01/Jun/2021:17:56:32 +0000] "GET /css/footer.css HTTP/1.1" 404 153 "http://localhost:8080/" "Mozilla/5.0 (X11; Linux x86_64) AppleWebKit/537.36 (KHTML, like Gecko) Chrome/90.0.4430.72 Safari/537.36"
::1 - - [01/Jun/2021:17:56:32 +0000] "GET /css/home.css HTTP/1.1" 404 151 "http://localhost:8080/" "Mozilla/5.0 (X11; Linux x86_64) AppleWebKit/537.36 (KHTML, like Gecko) Chrome/90.0.4430.72 Safari/537.36"
::1 - - [01/Jun/2021:17:56:32 +0000] "GET /css/chat-box.css HTTP/1.1" 404 155 "http://localhost:8080/" "Mozilla/5.0 (X11; Linux x86_64) AppleWebKit/537.36 (KHTML, like Gecko) Chrome/90.0.4430.72 Safari/537.36"
::1 - - [01/Jun/2021:17:56:32 +0000] "GET /js/post_comments.js HTTP/1.1" 404 158 "http://localhost:8080/" "Mozilla/5.0 (X11; Linux x86_64) AppleWebKit/537.36 (KHTML, like Gecko) Chrome/90.0.4430.72 Safari/537.36"
::1 - - [01/Jun/2021:17:56:32 +0000] "GET /js/home_posts.js HTTP/1.1" 404 155 "http://localhost:8080/" "Mozilla/5.0 (X11; Linux x86_64) AppleWebKit/537.36 (KHTML, like Gecko) Chrome/90.0.4430.72 Safari/537.36"
::1 - - [01/Jun/2021:17:56:32 +0000] "GET /js/toggle_like.js HTTP/1.1" 404 156 "http://localhost:8080/" "Mozilla/5.0 (X11; Linux x86_64) AppleWebKit/537.36 (KHTML, like Gecko) Chrome/90.0.4430.72 Safari/537.36"
::1 - - [01/Jun/2021:17:56:32 +0000] "GET /js/chat_engine.js HTTP/1.1" 404 156 "http://localhost:8080/" "Mozilla/5.0 (X11; Linux x86_64) AppleWebKit/537.36 (KHTML, like Gecko) Chrome/90.0.4430.72 Safari/537.36"
::1 - - [01/Jun/2021:17:56:32 +0000] "GET /js/post_comments.js HTTP/1.1" 404 158 "http://localhost:8080/" "Mozilla/5.0 (X11; Linux x86_64) AppleWebKit/537.36 (KHTML, like Gecko) Chrome/90.0.4430.72 Safari/537.36"
::1 - - [01/Jun/2021:17:56:32 +0000] "GET /js/home_posts.js HTTP/1.1" 404 155 "http://localhost:8080/" "Mozilla/5.0 (X11; Linux x86_64) AppleWebKit/537.36 (KHTML, like Gecko) Chrome/90.0.4430.72 Safari/537.36"
::1 - - [01/Jun/2021:17:56:32 +0000] "GET /js/toggle_like.js HTTP/1.1" 404 156 "http://localhost:8080/" "Mozilla/5.0 (X11; Linux x86_64) AppleWebKit/537.36 (KHTML, like Gecko) Chrome/90.0.4430.72 Safari/537.36"
::1 - - [01/Jun/2021:17:56:32 +0000] "GET /js/chat_engine.js HTTP/1.1" 404 156 "http://localhost:8080/" "Mozilla/5.0 (X11; Linux x86_64) AppleWebKit/537.36 (KHTML, like Gecko) Chrome/90.0.4430.72 Safari/537.36"
::1 - - [01/Jun/2021:17:56:32 +0000] "GET /favicon.ico HTTP/1.1" 404 150 "http://localhost:8080/" "Mozilla/5.0 (X11; Linux x86_64) AppleWebKit/537.36 (KHTML, like Gecko) Chrome/90.0.4430.72 Safari/537.36"
::1 - - [01/Jun/2021:17:57:59 +0000] "GET / HTTP/1.1" 304 - "-" "Mozilla/5.0 (X11; Linux x86_64) AppleWebKit/537.36 (KHTML, like Gecko) Chrome/90.0.4430.72 Safari/537.36"
::1 - - [01/Jun/2021:17:57:59 +0000] "GET /css/layouts.css HTTP/1.1" 404 154 "http://localhost:8080/" "Mozilla/5.0 (X11; Linux x86_64) AppleWebKit/537.36 (KHTML, like Gecko) Chrome/90.0.4430.72 Safari/537.36"
::1 - - [01/Jun/2021:17:57:59 +0000] "GET /css/header.css HTTP/1.1" 404 153 "http://localhost:8080/" "Mozilla/5.0 (X11; Linux x86_64) AppleWebKit/537.36 (KHTML, like Gecko) Chrome/90.0.4430.72 Safari/537.36"
::1 - - [01/Jun/2021:17:57:59 +0000] "GET /css/footer.css HTTP/1.1" 404 153 "http://localhost:8080/" "Mozilla/5.0 (X11; Linux x86_64) AppleWebKit/537.36 (KHTML, like Gecko) Chrome/90.0.4430.72 Safari/537.36"
::1 - - [01/Jun/2021:17:57:59 +0000] "GET /css/home.css HTTP/1.1" 404 151 "http://localhost:8080/" "Mozilla/5.0 (X11; Linux x86_64) AppleWebKit/537.36 (KHTML, like Gecko) Chrome/90.0.4430.72 Safari/537.36"
::1 - - [01/Jun/2021:17:57:59 +0000] "GET /css/chat-box.css HTTP/1.1" 404 155 "http://localhost:8080/" "Mozilla/5.0 (X11; Linux x86_64) AppleWebKit/537.36 (KHTML, like Gecko) Chrome/90.0.4430.72 Safari/537.36"
::1 - - [01/Jun/2021:17:57:59 +0000] "GET /js/post_comments.js HTTP/1.1" 404 158 "http://localhost:8080/" "Mozilla/5.0 (X11; Linux x86_64) AppleWebKit/537.36 (KHTML, like Gecko) Chrome/90.0.4430.72 Safari/537.36"
::1 - - [01/Jun/2021:17:57:59 +0000] "GET /js/home_posts.js HTTP/1.1" 404 155 "http://localhost:8080/" "Mozilla/5.0 (X11; Linux x86_64) AppleWebKit/537.36 (KHTML, like Gecko) Chrome/90.0.4430.72 Safari/537.36"
::1 - - [01/Jun/2021:17:57:59 +0000] "GET /js/toggle_like.js HTTP/1.1" 404 156 "http://localhost:8080/" "Mozilla/5.0 (X11; Linux x86_64) AppleWebKit/537.36 (KHTML, like Gecko) Chrome/90.0.4430.72 Safari/537.36"
::1 - - [01/Jun/2021:17:57:59 +0000] "GET /js/chat_engine.js HTTP/1.1" 404 156 "http://localhost:8080/" "Mozilla/5.0 (X11; Linux x86_64) AppleWebKit/537.36 (KHTML, like Gecko) Chrome/90.0.4430.72 Safari/537.36"
::1 - - [01/Jun/2021:17:57:59 +0000] "GET /js/post_comments.js HTTP/1.1" 404 158 "http://localhost:8080/" "Mozilla/5.0 (X11; Linux x86_64) AppleWebKit/537.36 (KHTML, like Gecko) Chrome/90.0.4430.72 Safari/537.36"
::1 - - [01/Jun/2021:17:57:59 +0000] "GET /js/home_posts.js HTTP/1.1" 404 155 "http://localhost:8080/" "Mozilla/5.0 (X11; Linux x86_64) AppleWebKit/537.36 (KHTML, like Gecko) Chrome/90.0.4430.72 Safari/537.36"
::1 - - [01/Jun/2021:17:57:59 +0000] "GET /js/toggle_like.js HTTP/1.1" 404 156 "http://localhost:8080/" "Mozilla/5.0 (X11; Linux x86_64) AppleWebKit/537.36 (KHTML, like Gecko) Chrome/90.0.4430.72 Safari/537.36"
::1 - - [01/Jun/2021:17:57:59 +0000] "GET /js/chat_engine.js HTTP/1.1" 404 156 "http://localhost:8080/" "Mozilla/5.0 (X11; Linux x86_64) AppleWebKit/537.36 (KHTML, like Gecko) Chrome/90.0.4430.72 Safari/537.36"
